<?xml version="1.0" encoding="UTF-8"?>
<!-- Generated by org.testng.reporters.JUnitReportReporter -->
<testsuite hostname="LMMUMLP1091" failures="0" tests="2" name="Assignment1.simple1TestNG" time="53.971" errors="0" timestamp="2024-01-30T15:12:29 IST" skipped="0">
  <testcase classname="Assignment1.simple1TestNG" name="Test" time="26.853"/>
  <testcase classname="Assignment1.simple1TestNG" name="Test" time="27.118"/>
</testsuite> <!-- Assignment1.simple1TestNG -->
