<?xml version="1.0" encoding="UTF-8"?>
<!-- Generated by org.testng.reporters.JUnitReportReporter -->
<testsuite hostname="LMMUMLP1091" failures="0" tests="1" name="TestNCuc.Lab8cucumber_Lab4" time="16.064" errors="0" timestamp="2024-01-22T18:49:42 IST" skipped="0">
  <testcase classname="TestNCuc.Lab8cucumber_Lab4" name="Test" time="16.064"/>
</testsuite> <!-- TestNCuc.Lab8cucumber_Lab4 -->
