<?xml version="1.0" encoding="UTF-8"?>
<!-- Generated by org.testng.reporters.JUnitReportReporter -->
<testsuite hostname="LMMUMLP1091" failures="0" tests="1" name="TestNCuc.Multipletest2" time="0.005" errors="0" timestamp="2024-01-25T10:47:50 IST" skipped="0">
  <testcase classname="TestNCuc.Multipletest2" name="test2" time="0.005"/>
</testsuite> <!-- TestNCuc.Multipletest2 -->
