<?xml version="1.0" encoding="UTF-8"?>
<!-- Generated by org.testng.reporters.JUnitReportReporter -->
<testsuite hostname="LMMUMLP1091" failures="0" tests="1" name="TestNCuc.Lab3Cuc" time="8.782" errors="0" timestamp="2024-01-22T18:15:51 IST" skipped="0">
  <testcase classname="TestNCuc.Lab3Cuc" name="Test" time="8.782"/>
</testsuite> <!-- TestNCuc.Lab3Cuc -->
