<?xml version="1.0" encoding="UTF-8"?>
<!-- Generated by org.testng.reporters.JUnitReportReporter -->
<testsuite hostname="LMMUMLP1091" failures="0" tests="2" name="TestNCuc.MultipleTestr" time="0.034" errors="0" timestamp="2024-01-25T10:47:50 IST" skipped="0">
  <testcase classname="TestNCuc.MultipleTestr" name="test4" time="0.030"/>
  <testcase classname="TestNCuc.MultipleTestr" name="test2" time="0.004"/>
</testsuite> <!-- TestNCuc.MultipleTestr -->
