<?xml version="1.0" encoding="UTF-8"?>
<!-- Generated by org.testng.reporters.JUnitReportReporter -->
<testsuite hostname="LMMUMLP1091" failures="0" tests="3" name="TestNCuc.parameter" time="69.073" errors="0" timestamp="2024-01-25T15:38:02 IST" skipped="0">
  <testcase classname="TestNCuc.parameter" name="Test" time="16.165"/>
  <testcase classname="TestNCuc.parameter" name="Test" time="15.786"/>
  <testcase classname="TestNCuc.parameter" name="Test" time="37.122"/>
</testsuite> <!-- TestNCuc.parameter -->
