<?xml version="1.0" encoding="UTF-8"?>
<!-- Generated by org.testng.reporters.JUnitReportReporter -->
<testsuite hostname="LMMUMLP1091" failures="0" tests="2" name="Assignment.simple1TestNG" time="41.363" errors="0" timestamp="2024-01-31T10:31:27 IST" skipped="0">
  <testcase classname="Assignment.simple1TestNG" name="Test" time="20.901"/>
  <testcase classname="Assignment.simple1TestNG" name="Test" time="20.462"/>
</testsuite> <!-- Assignment.simple1TestNG -->
