<?xml version="1.0" encoding="UTF-8"?>
<!-- Generated by org.testng.reporters.JUnitReportReporter -->
<testsuite hostname="LMMUMLP1091" failures="0" tests="1" name="TestNCuc.Lab8Cucumber_Lab3" time="8.989" errors="0" timestamp="2024-01-22T18:22:22 IST" skipped="0">
  <testcase classname="TestNCuc.Lab8Cucumber_Lab3" name="Test" time="8.989"/>
</testsuite> <!-- TestNCuc.Lab8Cucumber_Lab3 -->
